('2F83',):
('3K7V',):   AC2, 89
('3K7V',):   AC2, 118
('3K7V',):   AC2, 122
('3K7V',):   AC2, 127
('3K7V',):   AC2, 191
('3K7V',):   AC2, 200
('3K7V',):   AC2, 213
('3K7V',):   AC2, 214
('3K7V',):   AC2, 243
('3K7V',):   AC2, 265
('3K7V',):   AC2, 313
('3K7W',):   AC2, 89
('3K7W',):   AC2, 118
('3K7W',):   AC2, 122
('3K7W',):   AC2, 127
('3K7W',):   AC2, 191
('3K7W',):   AC2, 200
('3K7W',):   AC2, 213
('3K7W',):   AC2, 214
('3K7W',):   AC2, 243
('3K7W',):   AC2, 265
('3K7W',):   AC2, 312
('4FXG',):
('4IHL',):   AC2, 117
('4IHL',):   AC2, 120
('4IHL',):   AC2, 121
('4IHL',):   AC2, 165
('4IHL',):   AC2, 213
('4IHL',):   AC2, 42
('4IHL',):   AC2, 263
('4IHL',):   AC2, 261
('4IHL',):   AC2, 260
('4IHL',):   AC2, 513
('4IHL',):   AC2, 537
('4IHL',):   AC4, 120
('4IHL',):   AC4, 213
('4IHL',):   AC4, 121
('4IHL',):   AC4, 42
('4IHL',):   AC4, 43
('4IHL',):   AC4, 117
('4IHL',):   AC4, 165
('4IHL',):   AC4, 235
('4IHL',):   AC4, 237
('4IHL',):   AC4, 234
('4IHL',):   AC4, 427
('4IHL',):   AC4, 420
('4IHL',):   AC4, 417
('4JPC',):
('4JPE',):
('4JPG',):
('4JQ7',):
('4JQ8',):
('4JQI',):
('4JQY',):
('4JR1',):
('4JR2',):
('4JR7',):
('4JRV',):
('4JS8',):
('4JT5',):
('4JT6',):
('4JU5',):
('4JVA',):
('4JVG',):
('4JX7',):
('4JXF',):
('4JYT',):
('4JYW',):
('4JZ0',):
('4JZE',):
('4JZF',):
('4JZI',):
('4UEF',):
('4UF4',):
('6B88',):   AC3, 300
('6B88',):   AC3, 300
('6B88',):   AC3, 314
('6B88',):   AC3, 82
('6B88',):   AC3, 83
('6B88',):   AC3, 84
('6B88',):   AC3, 85
('6B88',):   AC3, 87
('6B88',):   AC3, 90
('6B88',):   AC3, 142
('6B88',):   AC3, 279
('6B88',):   AC3, 143
('6B88',):   AC3, 144
('6B88',):   AC3, 145
('6EMB',):
('6EMD',):
('6ERS',):
('6N96',):   AD4, 67
('6N96',):   AD4, 64
('6N96',):   AD4, 65
('6N96',):   AD4, 66
('6N96',):   AD4, 68
('6N96',):   AD4, 69
('6N96',):   AD4, 108
('6N96',):   AD4, 109
('6N96',):   AD4, 110
('6N96',):   AD4, 131
('6N96',):   AD4, 132
('6N96',):   AD4, 133
('6N96',):   AD4, 136
('6N96',):   AD4, 138
('6N96',):   AD4, 140
('6N96',):   AD4, 250
('6N96',):   AD4, 253
('6N96',):   AD4, 302
('6N96',):   AD4, 577
('6N96',):   AD4, 412
('6N96',):   AD4, 418
('6N96',):   AD4, 420
('6N96',):   AD5, 64
('6N96',):   AD5, 66
('6N96',):   AD5, 67
('6N96',):   AD5, 68
('6N96',):   AD5, 69
('6N96',):   AD5, 108
('6N96',):   AD5, 109
('6N96',):   AD5, 110
('6N96',):   AD5, 132
('6N96',):   AD5, 133
('6N96',):   AD5, 136
('6N96',):   AD5, 138
('6N96',):   AD5, 140
('6N96',):   AD5, 250
('6N96',):   AD5, 253
('6N96',):   AD5, 301
('6N96',):   AD5, 412
('6N96',):   AD5, 418
('6N96',):   AD5, 420
('6N96',):   AD5, 577
('6N96',):   AD2, 253
('6N96',):   AD2, 68
('6N96',):   AD2, 64
('6N96',):   AD2, 66
('6N96',):   AD2, 67
('6N96',):   AD2, 71
('6N96',):   AD2, 109
('6N96',):   AD2, 110
('6N96',):   AD2, 132
('6N96',):   AD2, 133
('6N96',):   AD2, 136
('6N96',):   AD2, 138
('6N96',):   AD2, 140
('6N96',):   AD2, 250
('6N96',):   AD2, 253
('6N96',):   AD2, 302
('6N96',):   AD2, 440
('6N96',):   AD2, 499
('6N96',):   AD2, 403
('6N96',):   AD2, 409
('6N96',):   AD2, 422
('6N96',):   AD2, 592
('6N96',):   AD2, 449
('6N96',):   AD2, 455
('6N96',):   AD2, 584
('6N96',):   AD3, 253
('6N96',):   AD3, 64
('6N96',):   AD3, 66
('6N96',):   AD3, 67
('6N96',):   AD3, 68
('6N96',):   AD3, 109
('6N96',):   AD3, 110
('6N96',):   AD3, 132
('6N96',):   AD3, 133
('6N96',):   AD3, 136
('6N96',):   AD3, 138
('6N96',):   AD3, 140
('6N96',):   AD3, 250
('6N96',):   AD3, 253
('6N96',):   AD3, 301
('6N96',):   AD3, 409
('6N96',):   AD3, 422
('6N96',):   AD3, 449
('6N96',):   AD3, 455
('6N96',):   AD3, 584
('6N96',):   AD3, 592
('6N96',):   AD3, 440
('6N96',):   AD3, 499
('6N96',):   AD3, 403
('6N96',):   AC3, 60
('6N96',):   AC3, 64
('6N96',):   AC3, 66
('6N96',):   AC3, 67
('6N96',):   AC3, 68
('6N96',):   AC3, 71
('6N96',):   AC3, 108
('6N96',):   AC3, 109
('6N96',):   AC3, 110
('6N96',):   AC3, 131
('6N96',):   AC3, 132
('6N96',):   AC3, 133
('6N96',):   AC3, 136
('6N96',):   AC3, 138
('6N96',):   AC3, 140
('6N96',):   AC3, 250
('6N96',):   AC3, 253
('6N96',):   AC3, 302
('6N96',):   AC3, 410
('6N96',):   AC3, 415
('6N96',):   AC3, 480
('6N96',):   AC3, 486
('6N96',):   AC3, 487
('6N96',):   AC3, 596
('6N96',):   AC2, 60
('6N96',):   AC2, 64
('6N96',):   AC2, 66
('6N96',):   AC2, 67
('6N96',):   AC2, 68
('6N96',):   AC2, 69
('6N96',):   AC2, 108
('6N96',):   AC2, 109
('6N96',):   AC2, 110
('6N96',):   AC2, 132
('6N96',):   AC2, 133
('6N96',):   AC2, 136
('6N96',):   AC2, 138
('6N96',):   AC2, 140
('6N96',):   AC2, 250
('6N96',):   AC2, 253
('6N96',):   AC2, 25
('6N96',):   AC2, 301
('6N96',):   AC2, 435
('6N96',):   AC2, 437
('6N96',):   AC2, 450
('6N96',):   AC2, 465
('6N96',):   AC2, 471
('6N96',):   AC2, 477
('6N96',):   AC2, 501
('6N96',):   AC2, 518
('6N96',):   AC2, 561
('6N96',):   AC2, 579
('6N96',):   AC1, 60
('6N96',):   AC1, 64
('6N96',):   AC1, 66
('6N96',):   AC1, 67
('6N96',):   AC1, 68
('6N96',):   AC1, 69
('6N96',):   AC1, 108
('6N96',):   AC1, 109
('6N96',):   AC1, 110
('6N96',):   AC1, 132
('6N96',):   AC1, 133
('6N96',):   AC1, 136
('6N96',):   AC1, 138
('6N96',):   AC1, 140
('6N96',):   AC1, 250
('6N96',):   AC1, 253
('6N96',):   AC1, 302
('6N96',):   AC1, 435
('6N96',):   AC1, 437
('6N96',):   AC1, 450
('6N96',):   AC1, 465
('6N96',):   AC1, 471
('6N96',):   AC1, 561
('6N96',):   AC1, 477
('6N96',):   AC1, 501
('6N96',):   AC1, 518
('6N96',):   AC1, 579
('6N96',):   AC6, 24
('6N96',):   AC6, 25
('6N96',):   AC6, 64
('6N96',):   AC6, 66
('6N96',):   AC6, 67
('6N96',):   AC6, 68
('6N96',):   AC6, 69
('6N96',):   AC6, 108
('6N96',):   AC6, 109
('6N96',):   AC6, 110
('6N96',):   AC6, 131
('6N96',):   AC6, 132
('6N96',):   AC6, 133
('6N96',):   AC6, 136
('6N96',):   AC6, 138
('6N96',):   AC6, 140
('6N96',):   AC6, 250
('6N96',):   AC6, 301
('6N96',):   AC6, 551
('6N96',):   AC6, 421
('6N96',):   AC6, 462
('6N96',):   AC5, 24
('6N96',):   AC5, 25
('6N96',):   AC5, 64
('6N96',):   AC5, 66
('6N96',):   AC5, 67
('6N96',):   AC5, 68
('6N96',):   AC5, 69
('6N96',):   AC5, 132
('6N96',):   AC5, 108
('6N96',):   AC5, 109
('6N96',):   AC5, 110
('6N96',):   AC5, 131
('6N96',):   AC5, 133
('6N96',):   AC5, 136
('6N96',):   AC5, 140
('6N96',):   AC5, 250
('6N96',):   AC5, 302
('6N96',):   AC5, 551
('6N96',):   AC5, 421
('6N96',):   AC5, 462
('6N96',):   AC4, 60
('6N96',):   AC4, 64
('6N96',):   AC4, 66
('6N96',):   AC4, 67
('6N96',):   AC4, 68
('6N96',):   AC4, 108
('6N96',):   AC4, 109
('6N96',):   AC4, 110
('6N96',):   AC4, 131
('6N96',):   AC4, 132
('6N96',):   AC4, 133
('6N96',):   AC4, 136
('6N96',):   AC4, 138
('6N96',):   AC4, 140
('6N96',):   AC4, 250
('6N96',):   AC4, 253
('6N96',):   AC4, 301
('6N96',):   AC4, 410
('6N96',):   AC4, 415
('6N96',):   AC4, 480
('6N96',):   AC4, 486
('6N96',):   AC4, 487
('6N96',):   AC9, 60
('6N96',):   AC9, 64
('6N96',):   AC9, 66
('6N96',):   AC9, 67
('6N96',):   AC9, 68
('6N96',):   AC9, 108
('6N96',):   AC9, 109
('6N96',):   AC9, 110
('6N96',):   AC9, 132
('6N96',):   AC9, 133
('6N96',):   AC9, 136
('6N96',):   AC9, 138
('6N96',):   AC9, 140
('6N96',):   AC9, 253
('6N96',):   AC9, 250
('6N96',):   AC9, 301
('6N96',):   AC9, 432
('6N96',):   AC9, 438
('6N96',):   AC9, 442
('6N96',):   AC9, 585
('6N96',):   AC9, 591
('6N96',):   AC8, 68
('6N96',):   AC8, 60
('6N96',):   AC8, 64
('6N96',):   AC8, 66
('6N96',):   AC8, 67
('6N96',):   AC8, 108
('6N96',):   AC8, 109
('6N96',):   AC8, 110
('6N96',):   AC8, 131
('6N96',):   AC8, 132
('6N96',):   AC8, 133
('6N96',):   AC8, 136
('6N96',):   AC8, 138
('6N96',):   AC8, 140
('6N96',):   AC8, 250
('6N96',):   AC8, 253
('6N96',):   AC8, 302
('6N96',):   AC8, 432
('6N96',):   AC8, 438
('6N96',):   AC8, 442
('6N96',):   AC8, 585
('6N96',):   AC8, 591
('6U26',):   AC1, 248
('6U26',):   AC1, 274
('6U26',):   AC1, 506
('6U26',):   AC1, 277
('6U26',):   AC1, 278
('6U26',):   AC1, 293
('6U26',):   AC1, 323
('6U26',):   AC1, 328
('6U26',):   AC1, 329
('6U26',):   AC1, 330
('6U26',):   AC1, 331
('6U26',):   AC1, 333
('6U26',):   AC1, 335
('6U26',):   AC1, 357
('6U26',):   AC1, 358
('6U26',):   AC1, 360
('6U26',):   AC1, 412
('6U26',):   AC1, 458
('6U26',):   AC1, 460
('6U26',):   AC1, 461
('6U26',):   AC1, 463
('6U26',):   AC1, 474
('6U26',):   AC1, 475
('6U26',):   AC1, 476
('6U26',):   AC1, 477
('6U26',):   AC1, 478
('6U26',):   AC1, 982
('6U26',):   AC1, 1028
('6W7O',):   AC2, 430
('6W7O',):   AC2, 408
('6W7O',):   AC2, 416
('6W7O',):   AC2, 428
('6W7O',):   AC2, 449
('6W7O',):   AC2, 476
('6W7O',):   AC2, 472
('6W7O',):   AC2, 474
('6W7O',):   AC2, 475
('6W7O',):   AC2, 477
('6W7O',):   AC2, 480
('6W7O',):   AC2, 481
('6W7O',):   AC2, 484
('6W7O',):   AC2, 528
('6W7O',):   AC2, 538
('6W7O',):   AC2, 539
('6W7O',):   AC2, 540
('6W7O',):   AC2, 542
('6W7O',):   AC2, 549
('6W7O',):   AC2, 312
('6W7O',):   AC2, 303
('6W7O',):   AC2, 304
('6W7O',):   AC2, 305
('6W7O',):   AC2, 313
('6W7O',):   AC2, 314
('6W7O',):   AC2, 315
('6W7O',):   AC2, 316
('6W7O',):   AC2, 317
('6W7O',):   AC2, 320
('6W7O',):   AC2, 325
('6W7O',):   AC2, 329
('6W7O',):   AC2, 919
('6W7O',):   AC1, 408
('6W7O',):   AC1, 416
('6W7O',):   AC1, 428
('6W7O',):   AC1, 430
('6W7O',):   AC1, 449
('6W7O',):   AC1, 472
('6W7O',):   AC1, 474
('6W7O',):   AC1, 475
('6W7O',):   AC1, 477
('6W7O',):   AC1, 480
('6W7O',):   AC1, 481
('6W7O',):   AC1, 484
('6W7O',):   AC1, 528
('6W7O',):   AC1, 538
('6W7O',):   AC1, 539
('6W7O',):   AC1, 540
('6W7O',):   AC1, 542
('6W7O',):   AC1, 549
('6W7O',):   AC1, 303
('6W7O',):   AC1, 312
('6W7O',):   AC1, 313
('6W7O',):   AC1, 314
('6W7O',):   AC1, 315
('6W7O',):   AC1, 320
('6W7O',):   AC1, 325
('6W7O',):   AC1, 329
('6W7O',):   AC1, 330
('6W7O',):   AC1, 903
('6W7O',):   AC1, 875
('6W8I',):   AC3, 428
('6W8I',):   AC3, 408
('6W8I',):   AC3, 409
('6W8I',):   AC3, 416
('6W8I',):   AC3, 430
('6W8I',):   AC3, 474
('6W8I',):   AC3, 475
('6W8I',):   AC3, 476
('6W8I',):   AC3, 477
('6W8I',):   AC3, 479
('6W8I',):   AC3, 480
('6W8I',):   AC3, 481
('6W8I',):   AC3, 484
('6W8I',):   AC3, 528
('6W8I',):   AC3, 539
('6W8I',):   AC3, 540
('6W8I',):   AC3, 542
('6W8I',):   AC3, 303
('6W8I',):   AC3, 312
('6W8I',):   AC3, 313
('6W8I',):   AC3, 314
('6W8I',):   AC3, 315
('6W8I',):   AC3, 320
('6W8I',):   AC3, 325
('6W8I',):   AC3, 329
('6W8I',):   AC1, 406
('6W8I',):   AC1, 416
('6W8I',):   AC1, 418
('6W8I',):   AC1, 428
('6W8I',):   AC1, 430
('6W8I',):   AC1, 449
('6W8I',):   AC1, 460
('6W8I',):   AC1, 472
('6W8I',):   AC1, 474
('6W8I',):   AC1, 475
('6W8I',):   AC1, 476
('6W8I',):   AC1, 477
('6W8I',):   AC1, 478
('6W8I',):   AC1, 480
('6W8I',):   AC1, 481
('6W8I',):   AC1, 484
('6W8I',):   AC1, 528
('6W8I',):   AC1, 538
('6W8I',):   AC1, 539
('6W8I',):   AC1, 540
('6W8I',):   AC1, 542
('6W8I',):   AC1, 303
('6W8I',):   AC1, 313
('6W8I',):   AC1, 314
('6W8I',):   AC1, 315
('6W8I',):   AC1, 316
('6W8I',):   AC1, 317
('6W8I',):   AC1, 320
('6W8I',):   AC1, 325
('6W8I',):   AC1, 329
('6W8I',):   AC1, 312
('6W8I',):   AC5, 406
('6W8I',):   AC5, 408
('6W8I',):   AC5, 416
('6W8I',):   AC5, 418
('6W8I',):   AC5, 426
('6W8I',):   AC5, 428
('6W8I',):   AC5, 430
('6W8I',):   AC5, 449
('6W8I',):   AC5, 474
('6W8I',):   AC5, 475
('6W8I',):   AC5, 476
('6W8I',):   AC5, 477
('6W8I',):   AC5, 480
('6W8I',):   AC5, 481
('6W8I',):   AC5, 528
('6W8I',):   AC5, 539
('6W8I',):   AC5, 540
('6W8I',):   AC5, 303
('6W8I',):   AC5, 312
('6W8I',):   AC5, 313
('6W8I',):   AC5, 314
('6W8I',):   AC5, 315
('6W8I',):   AC5, 316
('6W8I',):   AC5, 329
('6W8I',):   AC5, 325
('6X19',):   AC1, 31
('6X19',):   AC1, 33
('6X19',):   AC1, 300
('6X19',):   AC1, 298
('6X19',):   AC1, 34
('6X19',):   AC1, 137
('6X19',):   AC1, 138
('6X19',):   AC1, 141
('6X19',):   AC1, 144
('6X19',):   AC1, 145
('6X19',):   AC1, 148
('6X19',):   AC1, 197
('6X19',):   AC1, 198
('6X19',):   AC1, 201
('6X19',):   AC1, 202
('6X19',):   AC1, 205
('6X19',):   AC1, 220
('6X19',):   AC1, 226
('6X19',):   AC1, 229
('6X19',):   AC1, 230
('6X19',):   AC1, 233
('6X19',):   AC1, 620
('6X19',):   AC1, 608
('6X19',):   AC1, 610
('6XOX',):   AC1, 31
('6XOX',):   AC1, 33
('6XOX',):   AC1, 141
('6XOX',):   AC1, 144
('6XOX',):   AC1, 145
('6XOX',):   AC1, 388
('6XOX',):   AC1, 201
('6XOX',):   AC1, 205
('6XOX',):   AC1, 220
('6XOX',):   AC1, 226
('6XOX',):   AC1, 230
('6XOX',):   AC1, 197
('6YD2',):   AD6, 2003
('6YD2',):   AD4, 2001
('6YD2',):   AD4, 2004
('6YD2',):   AD4, 2005
('6YD2',):   AD5, 2002
('6YD2',):   AD5, 2005
('6YD2',):   AD2, 2003
('6YD2',):   AD3, 2003
('6YD3',):   AD6, 2003
('6YD3',):   AD4, 2001
('6YD3',):   AD4, 2004
('6YD3',):   AD4, 2005
('6YD3',):   AD5, 2002
('6YD3',):   AD5, 2005
('6YD3',):   AD2, 2003
('6YD3',):   AD3, 2003
('7E14',):   AC1, 31
('7E14',):   AC1, 137
('7E14',):   AC1, 138
('7E14',):   AC1, 141
('7E14',):   AC1, 144
('7E14',):   AC1, 145
('7E14',):   AC1, 148
('7E14',):   AC1, 197
('7E14',):   AC1, 198
('7E14',):   AC1, 202
('7E14',):   AC1, 204
('7E14',):   AC1, 205
('7E14',):   AC1, 220
('7E14',):   AC1, 226
('7E14',):   AC1, 229
('7E14',):   AC1, 230
('7E14',):   AC1, 233
('7E14',):   AC1, 298
('7E14',):   AC1, 34
