('1UFQ',):
('1UFW',):
('1UJJ',):
('1UJX',):
('1UKH',):
('1UKX',):
('1UL7',):
('1UMU',):
('1UMW',):
('1UNP',):
('1UPE',):
('1URC',):
('1URF',):
('1UTI',):
('1UX3',):
('1V1C',):
('1V3A',):
('1V5S',):
('1V5U',):
('1V9V',):
('1VCW',):
('1VD2',):
('1VDL',):
('1VEK',):
('1VG5',):
('1VJ6',):
('1VJV',):
('1VR1',):
('1VR2',):
('1VZ1',):
('1W1F',):
('1W1N',):
('1W6V',):
('1W98',):
('1WA7',):
('1WFC',):
('1WFW',):
('1WGG',):
('1WH0',):
('1WH4',):
('1WHB',):
('1WHL',):
('1WHM',):
('1WI0',):
('1WIV',):
('1WMH',):
('1WMK',):
('1WQU',):
('1WT6',):
('1WVW',):
('1WVZ',):
('1WWA',):
('1WWB',):
('1WWC',):
('1WWW',):
('1WXM',):
('1WYI',):
('1X24',):
('1X2P',):
('1X48',):
('1X49',):
('1X5A',):
('1X5C',):
('1X5D',):
('1X5L',):
('1X5Z',):
('1X6C',):
('1X6G',):
('1X9X',):
('1XBA',):
('1XDO',):
('1XJP',):
('1XK6',):
('1XK7',):
('1XMB',):
('1XN2',):
('1XN3',):
('1XPD',):
('1XQZ',):
('1XR0',):
('1XT9',):
('1XTE',):
('1XTZ',):
('1XUL',):
('1XUM',):
('1XUN',):
('1XXD',):
('1Y36',):
('1Y5D',):
('1Y74',):
('1Y8G',):
('1Y9C',):
('1Y9V',):
('1YFO',):
('1YG8',):
('1YGO',):
('1YGR',):
('1YGU',):
('1YH7',):
('1YHV',):
('1YHW',):
('1YI6',):
('1YJM',):
('1YM2',):
('1YM4',):
('1YOJ',):
('1YPI',):
('1YPS',):
('1YZE',):
('1Z7Q',):
('1Z8E',):
('1Z8G',):
('1Z9I',):
('1Z9X',):
('1ZBJ',):
('1ZCJ',):
('1ZD8',):
('1ZJD',):
('1ZJH',):
('1ZJK',):
('1ZL8',):
('1ZMU',):
('1ZMV',):
('1ZMW',):
('1ZSG',):
('1ZTI',):
('1ZV0',):
('1ZWS',):
('1ZXA',):
('1ZYC',):
('1ZYL',):
('1ZZP',):
('2A0D',):
('2A0T',):
('2A1A',):
('2A5E',):
('2A7O',):
('2A9U',):
('2AB0',):
('2ABL',):
('2AC6',):
('2AGH',):
('2AH3',):
('2AJT',):
('2ALB',):
('2AMK',):
('2ANC',):
('2ANE',):
('2AR7',):
('2ASU',):
('2AYN',):
('2AYO',):
('2B0X',):
('2B0Y',):
('2B3O',):
('2B49',):
('2B62',):
('2B6Q',):
('2B6R',):
('2B6S',):
('2B6U',):
('2B6V',):
('2BE1',):
('2BJX',):
('2BK8',):
('2BKQ',):
('2BKR',):
('2BTZ',):
('2BUG',):
('2BVA',):
('2C0Y',):
('2C1E',):
('2C2K',):
('2C2M',):
('2C2O',):
('2C46',):
('2C5Z',):
('2C6V',):
('2CB5',):
('2CDR',):
('2CDW',):
('2CJX',):
('2CJY',):
('2CKG',):
('2CKH',):
('2CKN',):
('2CNK',):
('2CNL',):
('2CNN',):
('2COA',):
('2COS',):
('2CP1',):
('2CPK',):
('2CQU',):
('2CQV',):
('2CR3',):
('2CR6',):
('2CS5',):
('2CSA',):
('2CU1',):
('2CU7',):
('2CVA',):
('2CXA',):
('2CY7',):
('2D1I',):
('2D8J',):
('2D9Z',):
('2DAG',):
('2DAK',):
('2DAQ',):
('2DBJ',):
('2DCE',):
('2DCO',):
('2DCR',):
('2DF6',):
('2DFM',):
('2DIZ',):
('2DJ1',):
('2DJ2',):
('2DJ3',):
('2DJS',):
('2DJU',):
('2DKO',):
('2DKQ',):
('2DKU',):
('2DLE',):
('2DLH',):
('2DLY',):
('2DM0',):
('2DM7',):
('2DML',):
('2DMM',):
('2DN7',):
('2DNR',):
('2DOI',):
('2DPS',):
('2DRF',):
('2DRG',):
('2DRN',):
('2DYL',):
('2DZY',):
('2DZZ',):
('2E00',):
('2E01',):
('2E02',):
('2E03',):
('2E0T',):
('2E7B',):
('2E7H',):
('2E7V',):
('2E8N',):
('2EAO',):
('2EB2',):
('2ECD',):
('2EDF',):
('2EDH',):
('2EDL',):
('2EDQ',):
('2EDR',):
('2EDT',):
('2EDW',):
('2EDX',):
('2EDY',):
('2EKX',):
('2ENJ',):
('2ENQ',):
('2ENY',):
('2EO1',):
('2ERK',):
('2ETZ',):
('2EU0',):
('2EXE',):
('2EXP',):
('2EXQ',):
('2F15',):
('2F1U',):
('2F1X',):
('2F1Y',):
('2F1Z',):
('2F75',):
('2F7K',):
('2FDB',):
('2FEB',):
('2FEK',):
('2FEM',):
('2FF9',):
('2FH7',):
('2FH9',):
('2FK9',):
('2FMV',):
('2FO6',):
('2FOJ',):
('2FOO',):
('2FOP',):
('2FP3',):
('2FRX',):
('2FUN',):
('2FUY',):
('2FYS',):
('2G15',):
('2G1X',):
('2G2A',):
('2G4D',):
('2G7R',):
('2GAQ',):
('2GE9',):
('2GFZ',):
('2GPH',):
('2GQH',):
('2GS2',):
('2GSF',):
('2GWF',):
('2GWO',):
('2H48',):
('2H4W',):
('2H4Y',):
('2H51',):
('2H54',):
('2H5I',):
('2H5J',):
('2H62',):
('2H64',):
('2H65',):
('2H6D',):
('2H8L',):
('2H9R',):
('2HAK',):
('2HBQ',):
('2HBR',):
('2HBY',):
('2HBZ',):
('2HDX',):
('2HE6',):
('2HEL',):
('2HGF',):
('2HGT',):
('2HIC',):
('2HKP',):
('2HL8',):
('2HL9',):
('2HLE',):
('2HLQ',):
('2HNP',):
('2HNT',):
('2HZ6',):
('2I3S',):
('2I3U',):
('2I6L',):
('2I8J',):
('2I8L',):
('2IAM',):
('2IAN',):
('2ICU',):
('2IIL',):
('2IK3',):
('2IK5',):
('2IMO',):
('2IO1',):
('2IO2',):
('2IO3',):
('2IQM',):
('2IQN',):
('2IQP',):
('2IQR',):
('2IQS',):
('2IQU',):
('2IQV',):
('2IQW',):
('2IUH',):
('2IUI',):
('2IY0',):
('2IY1',):
('2IYC',):
('2IYD',):
('2IZY',):
('2J1H',):
('2J30',):
('2J31',):
('2J32',):
('2J33',):
('2J8A',):
('2J8J',):
('2J8L',):
('2JAK',):
('2JEO',):
('2JET',):
('2JGZ',):
('2JIT',):
('2JK2',):
('2JNC',):
('2JND',):
('2JO8',):
('2JOA',):
('2JOD',):
('2JOG',):
('2JQI',):
('2JQJ',):
('2JQL',):
('2JRH',):
('2JV0',):
('2JWA',):
('2JX4',):
('2K03',):
('2K04',):
('2K05',):
('2K18',):
('2K1G',):
('2K1K',):
('2K1L',):
('2K3G',):
('2K4P',):
('2K4R',):
('2K51',):
('2K72',):
('2K79',):
('2K7A',):
('2K7Z',):
('2K9P',):
('2K9Y',):
('2KDC',):
('2KDT',):
('2KE3',):
('2KGT',):
('2KI9',):
('2KIE',):
('2KIG',):
('2KIO',):
('2KIT',):
('2KK1',):
('2KK6',):
('2KNF',):
('2KNO',):
('2KOE',):
('2KQF',):
('2KR6',):
('2KR9',):
('2KS1',):
('2KS9',):
('2KSA',):
('2KSB',):
('2KSO',):
('2KTY',):
('2KU7',):
('2KUL',):
('2KUP',):
('2KUQ',):
('2KVR',):
('2KYG',):
('2KYL',):
('2KYM',):
('2L05',):
('2L0S',):
('2L27',):
('2L2D',):
('2L2T',):
('2L3H',):
('2L4C',):
('2L4K',):
('2L5S',):
('2L6K',):
('2L6W',):
('2L77',):
('2L79',):
('2L87',):
('2L9U',):
('2LAH',):
('2LAV',):
('2LBC',):
('2LCR',):
('2LCS',):
('2LCT',):
('2LCX',):
('2LEN',):
('2LEP',):
('2LGC',):
('2LK4',):
('2LMJ',):
('2LNA',):
('2LNL',):
('2LOT',):
('2LOU',):
('2LOV',):
('2LOW',):
('2LOZ',):
('2LPE',):
('2LRU',):
('2LSQ',):
('2LTU',):
('2LU3',):
('2LU4',):
('2LVA',):
('2LW8',):
('2LXE',):
('2LXS',):
('2LXT',):
('2LYW',):
('2LZL',):
('2M0B',):
('2M20',):
('2M59',):
('2M9X',):
('2MAH',):
('2MBC',):
('2MC1',):
('2MDC',):
('2MDI',):
('2MDJ',):
('2MET',):
('2MEU',):
('2MFQ',):
('2MFR',):
('2MG0',):
('2MHO',):
('2MK2',):
('2MLO',):
('2MLQ',):
('2MLX',):
('2MLY',):
('2MLZ',):
('2MQI',):
('2MQS',):
('2MRJ',):
('2MRK',):
('2MSR',):
('2MSV',):
('2MTN',):
('2MUU',):
('2MUX',):
('2MV3',):
('2MV7',):
('2MWC',):
('2MZ2',):
('2MZ3',):
('2MZA',):
('2MZX',):
('2N19',):
('2N2A',):
('2N55',):
('2N56',):
('2N5R',):
('2N5S',):
('2N73',):
('2N7Z',):
('2N83',):
('2N90',):
('2NCZ',):
('2ND1',):
('2NLK',):
('2NLX',):
('2NPT',):
('2NPU',):
('2NRF',):
('2NSU',):
('2NV5',):
('2NWN',):
('2NYC',):
('2NYE',):
('2NZ8',):
('2NZI',):
('2O2V',):
('2O8A',):
('2O8Y',):
('2O96',):
('2OC3',):
('2OGQ',):
('2OGV',):
('2OI3',):
('2OIB',):
('2OJ2',):
('2OJX',):
('2OKR',):
('2ONL',):
('2OUC',):
('2OZA',):
('2P2C',):
('2P3W',):
('2P9Q',):
('2PBH',):
('2PCT',):
('2PJD',):
('2PJY',):
('2PLD',):
('2PLE',):
('2PPH',):
('2PQ5',):
('2PSA',):
('2PZX',):
('2Q43',):
('2Q8Y',):
('2QCJ',):
('2QF0',):
('2QGR',):
('2QIY',):
('2QJ9',):
('2QJA',):
('2QLF',):
('2QLV',):
('2QNJ',):
('2QOD',):
('2QOL',):
('2QOO',):
('2QPW',):
('2QV2',):
('2QVS',):
('2QXV',):
('2R0I',):
('2R0K',):
('2R1T',):
('2R1U',):
('2R1V',):
('2R3U',):
('2R3V',):
('2R3Y',):
('2R4R',):
('2R4S',):
('2RCE',):
('2RD0',):
('2REA',):
('2RF9',):
('2RFE',):
('2RK3',):
('2RK4',):
('2RK6',):
('2RLL',):
('2RMX',):
('2RN8',):
('2RNA',):
('2ROV',):
('2RPN',):
('2RQ8',):
('2RQW',):
('2RRS',):
('2RSV',):
('2RSY',):
('2UZR',):
('2UZX',):
('2UZY',):
('2V5Q',):
('2V6C',):
('2VOM',):
('2VPH',):
('2VSW',):
('2VX2',):
('2W5H',):
('2W99',):
('2W9F',):
('2W9Z',):
('2WB8',):
('2WFY',):
('2WHB',):
('2WMA',):
('2WPL',):
('2WTB',):
('2WUH',):
('2WWE',):
('2WWM',):
('2WXR',):
('2WZJ',):
('2X0B',):
('2X11',):
('2X36',):
('2X57',):
('2XXN',):
('2XZE',):
('2Y4P',):
('2Y7C',):
('2Y8O',):
('2YD5',):
('2YHV',):
('2YJR',):
('2YJS',):
('2YR3',):
('2YS5',):
('2YSX',):
('2YT2',):
('2YT6',):
('2YTW',):
('2YU7',):
('2YUB',):
('2YUK',):
('2YUQ',):
('2YVC',):
('2YZ0',):
('2YZ8',):
('2YZA',):
('2Z0D',):
('2Z0E',):
('2Z4F',):
('2Z5C',):
('2Z84',):
('2ZFY',):
('2ZHR',):
('2ZHS',):
('2ZHT',):
('2ZHU',):
('2ZHV',):
('2ZLE',):
('2ZPM',):
('2ZQQ',):
('2ZQR',):
('2ZV7',):
('2ZZP',):
('3A7F',):
('3A7G',):
('3AGM',):
('3AQF',):
('3B23',):
('3B3G',):
('3B3L',):
('3B43',):
('3B6S',):
('3B71',):
('3B8J',):
('3BBW',):
('3BEZ',):
('3BF0',):
('3BFO',):
('3BIP',):
('3BOA',):
('3BQ7',):
('3BRT',):
('3BRV',):
('3BT7',):
('3BU3',):
('3BU6',):
('3BUO',):
('3BUW',):
('3BUX',):
('3C0K',):
('3C5L',):
('3C5W',):
('3C8X',):
('3CAF',):
('3CBK',):
('3CKH',):
('3COI',):
('3COM',):
('3CS0',):
('3CY6',):
('3CYF',):
('3D6F',):
('3D6H',):
('3D6M',):
('3D7U',):
('3DAE',):
('3DAL',):
('3DAR',):
('3DB5',):
('3DBQ',):
('3DGK',):
('3DKB',):
('3DLM',):
('3DM1',):
('3DTX',):
('3DVP',):
('3E7K',):
('3EAC',):
('3EAZ',):
('3EC3',):
('3EDQ',):
('3EDR',):
('3EE0',):
('3EH0',):
('3EP0',):
('3ERB',):
('3ETP',):
('3EU0',):
('3EUU',):
('3EVS',):
('3EZG',):
('3F71',):
('3FE3',):
('3FLG',):
('3FS5',):
('3FVH',):
('3FY2',):
('3FZO',):
('3G01',):
('3G33',):
('3G5Y',):
('3GCN',):
('3GCO',):
('3GDS',):
('3GDU',):
('3GDV',):
('3GJQ',):
('3GJS',):
('3GJT',):
('3GM1',):
('3GM2',):
('3GM3',):
('3GOP',):
('3GRE',):
('3GXU',):
('3GYM',):
('3H0I',):
('3H11',):
('3H13',):
('3H1P',):
('3H3B',):
('3H49',):
('3H8M',):
('3HAT',):
('3HCK',):
('3HCV',):
('3HEI',):
('3HIZ',):
('3HK3',):
('3HK6',):
('3HMT',):
('3HPN',):
('3HTC',):
('3HYH',):
('3I6U',):
('3I6W',):
('3IBC',):
('3IBF',):
('3ID1',):
('3ID3',):
('3ID4',):
('3IEC',):
('3IHX',):
('3IHY',):
('3ITN',):
('3J2I',):
('3J47',):
('3J4Q',):
('3J4R',):
('3J6X',):
('3J6Y',):
('3J77',):
('3J78',):
('3JCO',):
('3JCP',):
('3JCR',):
('3JSO',):
('3JSP',):
('3JXF',):
('3JXG',):
('3K3R',):
('3K7E',):
('3K9K',):
('3K9M',):
('3KFD',):
('3KFQ',):
('3KKL',):
('3KL4',):
('3KMU',):
('3KN6',):
('3KSE',):
('3KVQ',):
('3KXX',):
('3LCY',):
('3LGT',):
('3LGU',):
('3LGV',):
('3LGW',):
('3LH1',):
('3LH3',):
('3LJ8',):
('3LJC',):
('3LTG',):
('3LXU',):
('3M61',):
('3MFT',):
('3MH4',):
('3MH7',):
('3ML4',):
('3MN3',):
('3MOP',):
('3MQM',):
('3MQR',):
('3MQS',):
('3MTS',):
('3NFL',):
('3NH7',):
('3NHN',):
('3NKF',):
('3NR2',):
('3NUM',):
('3NWJ',):
('3NY5',):
('3NZI',):
('3NZX',):
('3O0Z',):
('3OB2',):
('3OE0',):
('3OLR',):
('3OMH',):
('3OQC',):
('3OTP',):
('3OU0',):
('3OY6',):
('3P08',):
('3P45',):
('3P4F',):
('3P4K',):
('3P4U',):
('3P7O',):
('3PBH',):
('3PCS',):
('3PCX',):
('3PD1',):
('3PDZ',):
('3PXJ',):
('3PY3',):
('3Q0B',):
('3Q0F',):
('3Q52',):
('3Q6U',):
('3QB4',):
('3QCN',):
('3QD2',):
('3QDZ',):
('3QIS',):
('3QNW',):
('3QO6',):
('3QS9',):
('3R1G',):
('3R5J',):
('3R63',):
('3R6G',):
('3R6L',):
('3R7B',):
('3R7N',):
('3R7S',):
('3RDJ',):
('3REA',):
('3REB',):
('3RFG',):
('3RFH',):
('3RJM',):
('3RP2',):
('3RQ7',):
('3RZ2',):
('3S36',):
('3S37',):
('3S8E',):
('3SDM',):
('3SF8',):
('3SI5',):
('3SIR',):
('3SKJ',):
('3SQH',):
('3SQO',):
('3SR9',):
('3STI',):
('3STJ',):
('3SVM',):
('3T2N',):
('3T57',):
('3T6B',):
('3T6J',):
('3TG1',):
('3TJN',):
('3TKZ',):
('3TL8',):
('3TMH',):
('3TMO',):
('3TMP',):
('3TNI',):
('3TNP',):
('3TPE',):
('3U3F',):
('3U85',):
('3U9U',):
('3UC4',):
('3UIU',):
('3UJ1',):
('3UK7',):
('3ULR',):
('3ULZ',):
('3UNE',):
('3UO8',):
('3UQR',):
('3UTL',):
('3UVL',):
('3UVM',):
('3UVN',):
('3UVO',):
('3V2A',):
('3V3K',):
('3V4L',):
('3V4O',):
('3V55',):
('3V6B',):
('3V6L',):
('3V6M',):
('3VA4',):
('3VON',):
('3VUL',):
('3VUT',):
('3W8I',):
('3WSQ',):
('3WUU',):
('3WWS',):
('3WXR',):
('3X23',):
('3YGS',):
('3ZE4',):
('3ZE5',):
('3ZFM',):
('3ZFY',):
('3ZKE',):
('3ZKF',):
('3ZL7',):
('3ZM0',):
('3ZM1',):
('3ZM2',):
('3ZM3',):
('3ZMP',):
('3ZMQ',):
('3ZO5',):
('3ZU7',):
('3ZUT',):
('3ZV2',):
('3ZZG',):
('3ZZI',):
('4A1G',):
('4A8A',):
('4A8B',):
('4A8C',):
('4A8D',):
('4A9G',):
('4ADV',):
('4AE9',):
('4AFU',):
('4AKE',):
('4ANL',):
('4ASZ',):
('4B04',):
('4BK4',):
('4BK5',):
('4BKA',):
('4BKF',):
('4BPC',):
('4BR1',):
('4BV0',):
('4BWB',):
('4CR2',):
('4CR3',):
('4CR4',):
('4CRP',):
('4D28',):
('4D3C',):
('4DCJ',):
('4DCO',):
('4DCP',):
('4DDG',):
('4DDI',):
('4DFY',):
('4DGJ',):
('4DGP',):
('4DGX',):
('4DHZ',):
('4DJZ',):
('4DM9',):
('4DUU',):
('4DVF',):
('4DYL',):
('4E0Q',):
('4E3C',):
('4E5A',):
('4E5B',):
('4E67',):
('4E8B',):
('4EC8',):
('4EC9',):
('4EF0',):
('4EFO',):
('4EHA',):
('4EHD',):
('4EHF',):
('4EHH',):
('4EHK',):
('4EHL',):
('4EHN',):
('4EK3',):
('4EKU',):
('4EKZ',):
('4EL1',):
('4ERQ',):
('4ERY',):
('4ERZ',):
('4ES0',):
('4ESG',):
('4ET7',):
('4EWR',):
('4F0I',):
('4F11',):
('4F59',):
('4F8K',):
('4F9K',):
('4FDL',):
('4FFV',):
('4FGB',):
('4FIH',):
('4FII',):
('4FIJ',):
('4FJ3',):
('4FLN',):
('4FZC',):
('4FZG',):
('4G4E',):
('4G8K',):
('4GEH',):
('4GFU',):
('4GFV',):
('4GGD',):
('4GK7',):
('4GS0',):
('4GT5',):
('4GWR',):
('4H36',):
('4H39',):
('4H3B',):
('4H7Y',):
('4HCK',):
('4HJ0',):
('4HJP',):
('4HKD',):
('4HL6',):
('4HQ0',):
('4HQR',):
('4HRF',):
('4HRL',):
('4HRM',):
('4HRN',):
('4HTI',):
('4HTJ',):
('4HWU',):
('4HXJ',):
('4HY2',):
('4HZS',):
('4I1Z',):
('4I20',):
('4I21',):
('4I6L',):
('4I6X',):
('4I93',):
('4IC6',):
('4IC8',):
('4ICZ',):
('4IEA',):
('4IW4',):
('4IXP',):
('4IYP',):
('4IYR',):
('4IZA',):
('4J1Y',):
('4J23',):
('4J8N',):
('4JAK',):
('4JB8',):
('4JDH',):
('4JDJ',):
('4JDK',):
('4JE4',):
('4JEG',):
('4JJ8',):
('4JJE',):
('4JJQ',):
('4JJR',):
('4JQY',):
('4JQZ',):
('4JSN',):
('4JU5',):
('4JX3',):
('4K0V',):
('4K8R',):
('4K8Y',):
('4KA3',):
('4KDC',):
('4KEL',):
('4KG9',):
('4KIV',):
('4KKG',):
('4KRD',):
('4KSL',):
('4L00',):
('4L01',):
('4L0N',):
('4L2W',):
('4L67',):
('4LF3',):
('4LOT',):
('4LSZ',):
('4M66',):
('4M67',):
('4MEL',):
('4MEM',):
('4MYG',):
('4N7V',):
('4N7Z',):
('4NJN',):
('4NJP',):
('4NK7',):
('4NMX',):
('4NND',):
('4NOJ',):
('4NOK',):
('4NOL',):
('4NOM',):
('4NUU',):
('4NY0',):
('4O00',):
('4O1V',):
('4O22',):
('4O3U',):
('4O6W',):
('4O9W',):
('4OAJ',):
('4OBT',):
('4OCN',):
('4OFW',):
('4OGF',):
('4OGG',):
('4OH8',):
('4OH9',):
('4OHD',):
('4OHE',):
('4OHH',):
('4OHI',):
('4OHL',):
('4OHQ',):
('4ORZ',):
('4OTD',):
('4OTM',):
('4OVU',):
('4P0B',):
('4P2K',):
('4PAS',):
('4PDO',):
('4PDP',):
('4PRY',):
('4PS0',):
('4Q3H',):
('4QBE',):
('4QFT',):
('4QSY',):
('4QU5',):
('4QUA',):
('4QUD',):
('4QUM',):
('4QXF',):
('4QYX',):
('4R32',):
('4R3O',):
('4R3P',):
('4R3R',):
('4R8F',):
('4RED',):
('4RH5',):
('4RH9',):
('4RHG',):
('4RKW',):
('4RKY',):
('4RQZ',):
('4RR0',):
('4RS6',):
('4RSV',):
('4RWI',):
('4RWS',):
('4S0G',):
('4S2Z',):
('4S30',):
('4S31',):
('4TKS',):
('4TRL',):
('4TRW',):
('4TRY',):
('4TRZ',):
('4TUU',):
('4TZI',):
('4UEL',):
('4UEM',):
('4UF5',):
('4UF6',):
('4UFS',):
('4UIS',):
('4UN0',):
('4UNK',):
('4UNL',):
('4UP6',):
('4UY9',):
('4V6I',):
('4V6X',):
('4V7F',):
('4V7O',):
('4V92',):
('4WHK',):
('4WHL',):
('4WIH',):
('4WLP',):
('4WLQ',):
('4WLR',):
('4WRM',):
('4WV1',):
('4X1Q',):
('4X3I',):
('4X6Q',):
('4X8H',):
('4X8M',):
('4X9R',):
('4X9V',):
('4X9W',):
('4XBU',):
('4XEF',):
('4XEK',):
('4XEV',):
('4XG2',):
('4XR7',):
('4Y5O',):
('4YC6',):
('4YFE',):
('4YG7',):
('4YL6',):
('4YNO',):
('4YNZ',):
('4YZY',):
('4Z2M',):
('4Z2N',):
('4Z32',):
('4Z8J',):
('4Z96',):
('4Z99',):
('4ZBW',):
('4ZHL',):
('4ZJ7',):
('4ZJV',):
('4ZKS',):
('4ZNX',):
('4ZRI',):
('4ZRK',):
('4ZVO',):
('4ZVP',):
('4ZVQ',):
('4ZVR',):
('4ZVS',):
('4ZVT',):
('4ZVU',):
('4ZWJ',):
('5A4H',):
('5A5B',):
('5AEK',):
('5ANO',):
('5B2K',):
('5B2M',):
('5BK8',):
('5C56',):
('5C67',):
('5C6D',):
('5CEK',):
('5CEN',):
('5CI6',):
('5CRU',):
('5CS1',):
('5CTR',):
('5CWZ',):
('5CZH',):
('5CZI',):
('5D6I',):
('5DC0',):
('5DE2',):
('5DFZ',):
('5DGY',):
('5DMS',):
('5DNJ',):
('5DQ6',):
('5DSV',):
('5E5B',):
('5E8S',):
('5E94',):
('5ECJ',):
('5EDP',):
('5EK7',):
('5EM9',):
('5EMB',):
('5EOA',):
('5EOF',):
('5EPP',):
('5EQJ',):
('5ET0',):
('5ETA',):
('5ETF',):
('5ETI',):
('5EUT',):
('5F28',):
('5F5B',):
('5F5D',):
('5F5G',):
('5F5J',):
('5F5K',):
('5FN2',):
('5FN3',):
('5FN4',):
('5FN5',):
('5FNA',):
('5FSR',):
('5FWI',):
('5GG4',):
('5GIM',):
('5GLH',):
('5GZ8',):
('5H2V',):
('5H2W',):
('5H2X',):
('5H31',):
('5H33',):
('5H64',):
('5H78',):
('5HCK',):
('5HPG',):
('5HQ2',):
('5HT6',):
('5HTR',):
('5IAG',):
('5IB1',):
('5IBM',):
('5IBR',):
('5IBS',):
('5IC4',):
('5IC6',):
('5IF1',):
('5IG3',):
('5IGO',):
('5IGQ',):
('5ILA',):
('5ILB',):
('5IOH',):
('5IRI',):
('5IXF',):
('5IXI',):
('5J17',):
('5J5E',):
('5J7T',):
('5J8R',):
('5JCS',):
('5JDD',):
('5JDE',):
('5JGE',):
('5JHC',):
('5JHQ',):
('5JJA',):
('5JM9',):
('5JNR',):
('5JPQ',):
('5JQE',):
('5JTL',):
('5JTM',):
('5JTN',):
('5JTO',):
('5JTP',):
('5JTV',):
('5K22',):
('5K23',):
('5K28',):
('5K6S',):
('5K98',):
('5KA4',):
('5KC2',):
('5KHR',):
('5KHU',):
('5KQP',):
('5KS5',):
('5KWG',):
('5KYD',):
('5L04',):
('5L08',):
('5L2Q',):
('5L4K',):
('5L9T',):
('5L9U',):
('5LCW',):
('5LHR',):
('5LHX',):
('5LHY',):
('5LHZ',):
('5LM1',):
('5LM2',):
('5LN3',):
('5LP3',):
('5LPW',):
('5LRU',):
('5LRX',):
('5LUQ',):
('5LV6',):
('5LX2',):
('5MBM',):
('5MC6',):
('5MJY',):
('5MJZ',):
('5MK0',):
('5MK1',):
('5MK2',):
('5MK3',):
('5MMZ',):
('5MO9',):
('5MPD',):
('5MPE',):
('5MT7',):
('5N06',):
('5NAS',):
('5NHR',):
('5NJ6',):
('5NN1',):
('5NP0',):
('5NP1',):
('5NP2',):
('5NP3',):
('5NUH',):
('5NX1',):
('5NX3',):
('5NZ9',):
('5O2P',):
('5O71',):
('5OB4',):
('5OE7',):
('5OJS',):
('5OTT',):
('5OTU',):
('5OTV',):
('5OTW',):
('5OTX',):
('5OVP',):
('5SV7',):
('5SW9',):
('5SWF',):
('5T2C',):
('5T44',):
('5TOS',):
('5TQ1',):
('5TQS',):
('5TQW',):
('5TQX',):
('5TQY',):
('5TSR',):
('5TUN',):
('5TWU',):
('5TX4',):
('5TY4',):
('5TYT',):
('5TZM',):
('5TZS',):
('5U1M',):
('5U6Y',):
('5U7Q',):
('5UKE',):
('5UN5',):
('5UN6',):
('5UOE',):
('5UOJ',):
('5UPL',):
('5UQ1',):
('5UQ2',):
('5UQ3',):
('5UTK',):
('5UZ7',):
('5V1A',):
('5V3B',):
('5V3P',):
('5V7Z',):
('5VAI',):
('5VE6',):
('5VFO',):
('5VL7',):
('5W1R',):
('5WBH',):
('5WBK',):
('5WBS',):
('5WBU',):
('5WBY',):
('5WQL',):
('5WVI',):
('5WVK',):
('5WWQ',):
('5WWT',):
('5WXN',):
('5WXO',):
('5WXQ',):
('5WXR',):
('5WYJ',):
('5WYK',):
('5X3F',):
('5X3S',):
('5X6O',):
('5X7B',):
('5X94',):
('5XBY',):
('5XF7',):
('5XI8',):
('5XJO',):
('5XJX',):
('5XKJ',):
('5XKN',):
('5XW4',):
('5XZW',):
('5Y09',):
('5Y3R',):
('5Y8U',):
('5YAH',):
('5YKS',):
('5YRN',):
('5YYX',):
('5YYZ',):
('5YZ0',):
('5Z03',):
('5Z55',):
('5Z5W',):
('5Z5X',):
('5ZAU',):
('5ZCS',):
('5ZFH',):
('5ZQZ',):
('5ZRV',):
('5ZRX',):
('5ZRZ',):
('5ZYO',):
('6A32',):
('6A5A',):
('6A5B',):
('6A5C',):
('6A8N',):
('6A8Y',):
('6ACG',):
('6ACJ',):
('6ACK',):
('6AGW',):
('6AJK',):
('6AMV',):
('6AMW',):
('6AR2',):
('6AT9',):
('6B3J',):
('6B3Q',):
('6B70',):
('6B7Y',):
('6B7Z',):
('6B9L',):
('6BA5',):
('6BAN',):
('6BBA',):
('6BF6',):
('6BF7',):
('6BF8',):
('6BF9',):
('6BFC',):
('6BHC',):
('6BWF',):
('6BYS',):
('6C23',):
('6C24',):
('6C2G',):
('6C6M',):
('6C9D',):
('6CDT',):
('6CGA',):
('6CMP',):
('6CMQ',):
('6CQ7',):
('6CQE',):
('6CZ2',):
('6D22',):
('6D3F',):
('6D3L',):
('6D3X',):
('6D3Z',):
('6D4D',):
('6D5Y',):
('6D74',):
('6D8Z',):
('6DC0',):
('6DCX',):
('6DDE',):
('6DDF',):
('6DEU',):
('6DEV',):
('6DJ9',):
('6DL4',):
('6DLO',):
('6DNO',):
('6DO5',):
('6DRM',):
('6DTL',):
('6DTN',):
('6DU5',):
('6DV2',):
('6E2Q',):
('6E3Y',):
('6EF4',):
('6EF5',):
('6EH0',):
('6EJL',):
('6ELM',):
('6EM5',):
('6EMK',):
('6EML',):
('6EMQ',):
('6EOO',):
('6EOQ',):
('6EOS',):
('6EOT',):
('6EOU',):
('6EPC',):
('6EPD',):
('6EPE',):
('6EPF',):
('6ERP',):
('6ERQ',):
('6ERU',):
('6EWW',):
('6EXJ',):
('6F09',):
('6F5E',):
('6F7M',):
('6F7N',):
('6FBK',):
('6FDN',):
('6FDO',):
('6FEC',):
('6FEL',):
('6FGP',):
('6FHA',):
('6FNL',):
('6G3P',):
('6G4W',):
('6G51',):
('6G53',):
('6GBD',):
('6GBE',):
('6GCU',):
('6GGS',):
('6GK2',):
('6GKF',):
('6GKG',):
('6GL7',):
('6GSR',):
('6GT5',):
('6H5I',):
('6H8M',):
('6HEL',):
('6HGC',):
('6HKA',):
('6HKC',):
('6HTF',):
('6HVK',):
('6HY2',):
('6I04',):
('6IBD',):
('6IDX',):
('6IG9',):
('6IHZ',):
('6IP5',):
('6IP6',):
('6IP8',):
('6IPY',):
('6IQR',):
('6IQS',):
('6IQU',):
('6ISU',):
('6IZ7',):
('6IZI',):
('6J0A',):
('6J2C',):
('6J2N',):
('6J2Q',):
('6J2X',):
('6J30',):
('6J68',):
('6J6U',):
('6J6Y',):
('6JN2',):
('6JOD',):
('6JXA',):
('6JXC',):
('6K3A',):
('6K3F',):
('6K7W',):
('6K9K',):
('6K9L',):
('6KBS',):
('6KBX',):
('6KC4',):
('6KCQ',):
('6KHV',):
('6KIP',):
('6KMT',):
('6KN0',):
('6KP6',):
('6KR8',):
('6L53',):
('6LI3',):
('6LMK',):
('6LML',):
('6LNM',):
('6LPB',):
('6M1D',):
('6M1H',):
('6M1I',):
('6M1U',):
('6M3C',):
('6M8S',):
('6MF6',):
('6MG9',):
('6MIB',):
('6N45',):
('6N46',):
('6N8M',):
('6N8N',):
('6N8O',):
('6N9G',):
('6ND4',):
('6NI2',):
('6NIY',):
('6NMW',):
('6NN6',):
('6NNQ',):
('6NOG',):
('6NT9',):
('6NUA',):
('6NUI',):
('6NX4',):
('6NXW',):
('6OCP',):
('6OQJ',):
('6OQK',):
('6OS9',):
('6OSA',):
('6OSH',):
('6OSV',):
('6OTS',):
('6OYL',):
('6P3Q',):
('6P5L',):
('6P8F',):
('6P8G',):
('6P8H',):
('6P9X',):
('6P9Y',):
('6PJ4',):
('6PJ5',):
('6PJ7',):
('6PJ8',):
('6PJ9',):
('6PJA',):
('6PJP',):
('6PJQ',):
('6PJU',):
('6PPT',):
('6PQ2',):
('6PQE',):
('6PQM',):
('6PRI',):
('6PRJ',):
('6PRQ',):
('6PSI',):
('6PWC',):
('6PXO',):
('6PXV',):
('6PXW',):
('6PYH',):
('6Q0K',):
('6Q8L',):
('6QFL',):
('6QFR',):
('6R5G',):
('6R70',):
('6R7F',):
('6R7H',):
('6R8X',):
('6R9I',):
('6R9J',):
('6R9M',):
('6R9O',):
('6R9P',):
('6R9Q',):
('6RBD',):
('6RBE',):
('6RFO',):
('6RFP',):
('6RGQ',):
('6SAD',):
('6SF3',):
('6SHC',):
('6SOF',):
('6SUC',):
('6SV4',):
('6SXO',):
('6T7I',):
('6T7T',):
('6T83',):
('6T9I',):
('6T9J',):
('6TFM',):
('6TLJ',):
('6TPT',):
('6TU3',):
('6U4Y',):
('6UAN',):
('6UMG',):
('6UPK',):
('6UPL',):
('6UUN',):
('6UUS',):
('6UVA',):
('6UZT',):
('6V0M',):
('6VG3',):
('6VGO',):
('6VGR',):
('6VIE',):
('6VRO',):
('6VWH',):
('6VWJ',):
('6W38',):
('6W3I',):
('6W3J',):
('6W4O',):
('6W4P',):
('6W6C',):
('6W6F',):
('6WHC',):
('6WLX',):
('6WLY',):
('6WUS',):
('6WWZ',):
('6XMJ',):
('6XVD',):
('6XX8',):
('6XYW',):
('6Y6W',):
('6Y70',):
('6Y7C',):
('6YL6',):
('6YTH',):
('7PCK',):
